mode: atomic
github.com/domano/pwgen/internal/password/password.go:21.48,23.25 2 6
github.com/domano/pwgen/internal/password/password.go:26.2,26.10 1 6
github.com/domano/pwgen/internal/password/password.go:23.25,25.3 1 8
github.com/domano/pwgen/internal/password/password.go:30.35,31.28 1 2
github.com/domano/pwgen/internal/password/password.go:31.28,33.3 1 2
github.com/domano/pwgen/internal/password/password.go:37.38,38.28 1 4
github.com/domano/pwgen/internal/password/password.go:38.28,40.3 1 4
github.com/domano/pwgen/internal/password/password.go:44.33,45.28 1 2
github.com/domano/pwgen/internal/password/password.go:45.28,47.3 1 2
github.com/domano/pwgen/internal/password/password.go:51.38,57.38 4 7
github.com/domano/pwgen/internal/password/password.go:62.2,63.52 2 7
github.com/domano/pwgen/internal/password/password.go:67.2,67.25 1 7
github.com/domano/pwgen/internal/password/password.go:57.38,59.3 1 2
github.com/domano/pwgen/internal/password/password.go:63.52,65.3 1 63
github.com/domano/pwgen/internal/password/password.go:70.50,72.30 2 16
github.com/domano/pwgen/internal/password/password.go:75.2,75.12 1 16
github.com/domano/pwgen/internal/password/password.go:72.30,74.3 1 63
github.com/domano/pwgen/internal/password/password.go:78.35,81.2 2 63
github.com/domano/pwgen/internal/password/crypto.go:17.41,17.42 0 0
github.com/domano/pwgen/internal/password/crypto.go:20.37,30.2 5 126
github.com/domano/pwgen/internal/http/http.go:25.56,27.2 1 1
github.com/domano/pwgen/internal/http/http.go:29.78,31.63 1 14
github.com/domano/pwgen/internal/http/http.go:36.2,37.16 2 10
github.com/domano/pwgen/internal/http/http.go:44.2,45.16 2 7
github.com/domano/pwgen/internal/http/http.go:51.2,54.33 2 7
github.com/domano/pwgen/internal/http/http.go:60.2,61.16 2 6
github.com/domano/pwgen/internal/http/http.go:66.2,66.37 1 5
github.com/domano/pwgen/internal/http/http.go:31.63,34.3 2 4
github.com/domano/pwgen/internal/http/http.go:37.16,41.3 3 3
github.com/domano/pwgen/internal/http/http.go:45.16,49.3 3 0
github.com/domano/pwgen/internal/http/http.go:54.33,58.3 3 1
github.com/domano/pwgen/internal/http/http.go:61.16,65.3 3 1
github.com/domano/pwgen/internal/http/http.go:69.70,74.16 3 10
github.com/domano/pwgen/internal/http/http.go:77.2,78.16 2 9
github.com/domano/pwgen/internal/http/http.go:81.2,82.16 2 8
github.com/domano/pwgen/internal/http/http.go:86.2,88.16 2 7
github.com/domano/pwgen/internal/http/http.go:74.16,76.3 1 1
github.com/domano/pwgen/internal/http/http.go:78.16,80.3 1 1
github.com/domano/pwgen/internal/http/http.go:82.16,84.3 1 1
github.com/domano/pwgen/internal/http/http.go:91.66,93.15 2 27
github.com/domano/pwgen/internal/http/http.go:96.2,97.16 2 9
github.com/domano/pwgen/internal/http/http.go:100.2,100.17 1 6
github.com/domano/pwgen/internal/http/http.go:93.15,95.3 1 18
github.com/domano/pwgen/internal/http/http.go:97.16,99.3 1 3
github.com/domano/pwgen/internal/http/http.go:112.79,114.2 1 0
github.com/domano/pwgen/internal/http/logging.go:10.61,11.54 1 2
github.com/domano/pwgen/internal/http/logging.go:11.54,13.18 2 2
github.com/domano/pwgen/internal/http/logging.go:16.3,22.32 1 2
github.com/domano/pwgen/internal/http/logging.go:13.18,15.4 1 1
github.com/domano/pwgen/internal/http/logging.go:31.52,34.2 2 0
github.com/domano/pwgen/cmd/pwgen/main.go:24.13,26.40 2 0
github.com/domano/pwgen/cmd/pwgen/main.go:29.2,29.7 1 0
github.com/domano/pwgen/cmd/pwgen/main.go:26.40,28.3 1 0
github.com/domano/pwgen/cmd/pwgen/main.go:32.12,52.16 11 1
github.com/domano/pwgen/cmd/pwgen/main.go:56.2,56.43 1 0
github.com/domano/pwgen/cmd/pwgen/main.go:52.16,55.3 2 0
github.com/domano/pwgen/cmd/pwgen/main.go:60.39,61.12 1 1
github.com/domano/pwgen/cmd/pwgen/main.go:61.12,63.17 2 1
github.com/domano/pwgen/cmd/pwgen/main.go:63.17,65.4 1 0
github.com/domano/pwgen/cmd/pwgen/main.go:69.61,78.2 4 1
github.com/domano/pwgen/cmd/pwgen/main.go:82.67,89.2 2 1
